<?xml version="1.0" encoding="UTF-8"?>
<!-- Generated by org.testng.reporters.JUnitReportReporter -->
<testsuite hostname="LTILBOM22703667" failures="0" tests="1" name="Maven.SeleniumTest" time="0.004" errors="0" timestamp="2022-08-02T20:38:49 IST" skipped="0">
  <testcase classname="Maven.SeleniumTest" name="testSelenium" time="0.004"/>
  <system-out/>
</testsuite> <!-- Maven.SeleniumTest -->
